<?xml version="1.0" encoding="UTF-8"?>
<testsuite xmlns:xsi="http://www.w3.org/2001/XMLSchema-instance" xsi:noNamespaceSchemaLocation="https://maven.apache.org/surefire/maven-surefire-plugin/xsd/surefire-test-report-3.0.xsd" version="3.0" name="com.herokuapp.tests.ContextMenuTest" time="7.624" tests="1" errors="0" skipped="0" failures="0">
  <properties>
[...]
</properties>
  <testcase name="rightClickTestOnBox" classname="com.herokuapp.tests.ContextMenuTest" time="7.58">
    <system-out><![CDATA[18:32:08.292 [main] &amp#27;[34mINFO &amp#27;[0;39m i.g.bonigarcia.wdm.WebDriverManager -- Using chromedriver 144.0.7559.133 (resolved driver for Chrome 144)
18:32:08.327 [main] &amp#27;[34mINFO &amp#27;[0;39m i.g.bonigarcia.wdm.WebDriverManager -- Exporting webdriver.chrome.driver as C:\Users\vitro\.cache\selenium\chromedriver\win64\144.0.7559.133\chromedriver.exe
18:32:13.979 [main] &amp#27;[34mINFO &amp#27;[0;39m com.herokuapp.utils.MyListener -- __________________________________________________________
18:32:13.979 [main] &amp#27;[34mINFO &amp#27;[0;39m com.herokuapp.utils.MyListener -- Step #1 | 🌐 We opened the site https://the-internet.herokuapp.com/
18:32:14.538 [main] &amp#27;[34mINFO &amp#27;[0;39m com.herokuapp.utils.MyListener -- Step #1 | 🖱️ We clicked on: [[ChromeDriver: chrome on windows (88eebcd91313cb0a0b11750f3e08ba25)] -> css selector: a[href='/context_menu']]
18:32:14.539 [main] &amp#27;[34mINFO &amp#27;[0;39m com.herokuapp.utils.MyListener -- ----------------------------------------------------------
18:32:14.705 [main] &amp#27;[34mINFO &amp#27;[0;39m com.herokuapp.utils.MyListener --  [org.openqa.selenium.interactions.Sequence@7d904ff1]
18:32:14.705 [main] &amp#27;[34mINFO &amp#27;[0;39m com.herokuapp.utils.MyListener -- ==================================================
18:32:14.822 [main] &amp#27;[34mINFO &amp#27;[0;39m com.herokuapp.utils.MyListener -- Step #2 | 📖 Contains: [Welcome to the-internet]
18:32:14.824 [main] &amp#27;[34mINFO &amp#27;[0;39m com.herokuapp.utils.MyListener -- ----------------------------------------------------------
18:32:15.042 [main] &amp#27;[34mINFO &amp#27;[0;39m com.herokuapp.utils.MyTestWatcher -- The method Optional[public void com.herokuapp.tests.ContextMenuTest.rightClickTestOnBox()] is PASSED
18:32:15.042 [main] &amp#27;[34mINFO &amp#27;[0;39m com.herokuapp.utils.MyTestWatcher -- rightClickTestOnBox()
18:32:15.042 [main] &amp#27;[34mINFO &amp#27;[0;39m com.herokuapp.utils.MyTestWatcher -- **************************************************
]]></system-out>
  </testcase>
</testsuite>